<?xml version="1.0" encoding="UTF-8"?>
<testng-results ignored="2" total="6" passed="3" failed="1" skipped="0">
  <reporter-output>
  </reporter-output>
  <suite started-at="2023-03-01T19:32:54 EST" name="All Test Suite" finished-at="2023-03-01T19:33:17 EST" duration-ms="23415">
    <groups>
      <group name="smoke">
        <method signature="AddEmployeeTest.addEmployeeTest()[pri:0, instance:com.exelenter.testcases.AddEmployeeTest@20d525]" name="addEmployeeTest" class="com.exelenter.testcases.AddEmployeeTest"/>
        <method signature="LoginTest.validAdminLogin()[pri:0, instance:com.exelenter.testcases.LoginTest@6200f9cb]" name="validAdminLogin" class="com.exelenter.testcases.LoginTest"/>
        <method signature="LoginTest.validUserEmptyPassword()[pri:0, instance:com.exelenter.testcases.LoginTest@6200f9cb]" name="validUserEmptyPassword" class="com.exelenter.testcases.LoginTest"/>
        <method signature="LoginTest.validUserInvalidPassword()[pri:0, instance:com.exelenter.testcases.LoginTest@6200f9cb]" name="validUserInvalidPassword" class="com.exelenter.testcases.LoginTest"/>
      </group> <!-- smoke -->
    </groups>
    <test started-at="2023-03-01T19:32:54 EST" name="Regression Test" finished-at="2023-03-01T19:33:17 EST" duration-ms="23415">
      <class name="com.exelenter.testcases.AddEmployeeTest">
        <test-method is-config="true" signature="setUp()[pri:0, instance:com.exelenter.testcases.AddEmployeeTest@20d525]" started-at="2023-03-01T19:32:54 EST" name="setUp" finished-at="2023-03-01T19:32:57 EST" duration-ms="2576" status="PASS">
          <reporter-output>
          </reporter-output>
        </test-method> <!-- setUp -->
        <test-method signature="addEmployeeTest()[pri:0, instance:com.exelenter.testcases.AddEmployeeTest@20d525]" started-at="2023-03-01T19:32:57 EST" name="addEmployeeTest" finished-at="2023-03-01T19:33:00 EST" duration-ms="3762" status="PASS">
          <reporter-output>
          </reporter-output>
        </test-method> <!-- addEmployeeTest -->
        <test-method is-config="true" signature="tearDown()[pri:0, instance:com.exelenter.testcases.AddEmployeeTest@20d525]" started-at="2023-03-01T19:33:00 EST" name="tearDown" finished-at="2023-03-01T19:33:02 EST" duration-ms="2154" status="PASS">
          <reporter-output>
          </reporter-output>
        </test-method> <!-- tearDown -->
      </class> <!-- com.exelenter.testcases.AddEmployeeTest -->
      <class name="com.exelenter.testcases.LoginTest">
        <test-method is-config="true" signature="setUp()[pri:0, instance:com.exelenter.testcases.LoginTest@6200f9cb]" started-at="2023-03-01T19:33:02 EST" name="setUp" finished-at="2023-03-01T19:33:05 EST" duration-ms="2058" status="PASS">
          <reporter-output>
          </reporter-output>
        </test-method> <!-- setUp -->
        <test-method signature="validAdminLogin()[pri:0, instance:com.exelenter.testcases.LoginTest@6200f9cb]" started-at="2023-03-01T19:33:05 EST" name="validAdminLogin" finished-at="2023-03-01T19:33:06 EST" duration-ms="1503" status="PASS">
          <reporter-output>
          </reporter-output>
        </test-method> <!-- validAdminLogin -->
        <test-method is-config="true" signature="tearDown()[pri:0, instance:com.exelenter.testcases.LoginTest@6200f9cb]" started-at="2023-03-01T19:33:06 EST" name="tearDown" finished-at="2023-03-01T19:33:08 EST" duration-ms="2161" status="PASS">
          <reporter-output>
          </reporter-output>
        </test-method> <!-- tearDown -->
        <test-method is-config="true" signature="setUp()[pri:0, instance:com.exelenter.testcases.LoginTest@6200f9cb]" started-at="2023-03-01T19:33:08 EST" name="setUp" finished-at="2023-03-01T19:33:10 EST" duration-ms="1498" status="PASS">
          <reporter-output>
          </reporter-output>
        </test-method> <!-- setUp -->
        <test-method signature="validUserEmptyPassword()[pri:0, instance:com.exelenter.testcases.LoginTest@6200f9cb]" started-at="2023-03-01T19:33:10 EST" name="validUserEmptyPassword" finished-at="2023-03-01T19:33:10 EST" duration-ms="124" status="PASS">
          <reporter-output>
          </reporter-output>
        </test-method> <!-- validUserEmptyPassword -->
        <test-method is-config="true" signature="tearDown()[pri:0, instance:com.exelenter.testcases.LoginTest@6200f9cb]" started-at="2023-03-01T19:33:10 EST" name="tearDown" finished-at="2023-03-01T19:33:12 EST" duration-ms="2234" status="PASS">
          <reporter-output>
          </reporter-output>
        </test-method> <!-- tearDown -->
        <test-method is-config="true" signature="setUp()[pri:0, instance:com.exelenter.testcases.LoginTest@6200f9cb]" started-at="2023-03-01T19:33:12 EST" name="setUp" finished-at="2023-03-01T19:33:14 EST" duration-ms="2001" status="PASS">
          <reporter-output>
          </reporter-output>
        </test-method> <!-- setUp -->
        <test-method signature="validUserInvalidPassword()[pri:0, instance:com.exelenter.testcases.LoginTest@6200f9cb]" started-at="2023-03-01T19:33:14 EST" name="validUserInvalidPassword" finished-at="2023-03-01T19:33:15 EST" duration-ms="774" status="FAIL">
          <exception class="java.lang.AssertionError">
            <message>
              <![CDATA[null]]>
            </message>
            <full-stacktrace>
              <![CDATA[java.lang.AssertionError: null
at org.testng.Assert.fail(Assert.java:110)
at org.testng.Assert.fail(Assert.java:115)
at com.exelenter.testcases.LoginTest.validUserInvalidPassword(LoginTest.java:28)
at java.base/jdk.internal.reflect.DirectMethodHandleAccessor.invoke(DirectMethodHandleAccessor.java:104)
at java.base/java.lang.reflect.Method.invoke(Method.java:578)
at org.testng.internal.invokers.MethodInvocationHelper.invokeMethod(MethodInvocationHelper.java:139)
at org.testng.internal.invokers.TestInvoker.invokeMethod(TestInvoker.java:677)
at org.testng.internal.invokers.TestInvoker.invokeTestMethod(TestInvoker.java:221)
at org.testng.internal.invokers.MethodRunner.runInSequence(MethodRunner.java:50)
at org.testng.internal.invokers.TestInvoker$MethodInvocationAgent.invoke(TestInvoker.java:969)
at org.testng.internal.invokers.TestInvoker.invokeTestMethods(TestInvoker.java:194)
at org.testng.internal.invokers.TestMethodWorker.invokeTestMethods(TestMethodWorker.java:148)
at org.testng.internal.invokers.TestMethodWorker.run(TestMethodWorker.java:128)
at java.base/java.util.ArrayList.forEach(ArrayList.java:1511)
at org.testng.TestRunner.privateRun(TestRunner.java:829)
at org.testng.TestRunner.run(TestRunner.java:602)
at org.testng.SuiteRunner.runTest(SuiteRunner.java:437)
at org.testng.SuiteRunner.runSequentially(SuiteRunner.java:431)
at org.testng.SuiteRunner.privateRun(SuiteRunner.java:391)
at org.testng.SuiteRunner.run(SuiteRunner.java:330)
at org.testng.SuiteRunnerWorker.runSuite(SuiteRunnerWorker.java:52)
at org.testng.SuiteRunnerWorker.run(SuiteRunnerWorker.java:95)
at org.testng.TestNG.runSuitesSequentially(TestNG.java:1256)
at org.testng.TestNG.runSuitesLocally(TestNG.java:1176)
at org.testng.TestNG.runSuites(TestNG.java:1099)
at org.testng.TestNG.run(TestNG.java:1067)
at com.intellij.rt.testng.IDEARemoteTestNG.run(IDEARemoteTestNG.java:66)
at com.intellij.rt.testng.RemoteTestNGStarter.main(RemoteTestNGStarter.java:109)
]]>
            </full-stacktrace>
          </exception> <!-- java.lang.AssertionError -->
          <reporter-output>
          </reporter-output>
        </test-method> <!-- validUserInvalidPassword -->
        <test-method is-config="true" signature="tearDown()[pri:0, instance:com.exelenter.testcases.LoginTest@6200f9cb]" started-at="2023-03-01T19:33:15 EST" name="tearDown" finished-at="2023-03-01T19:33:17 EST" duration-ms="2268" status="PASS">
          <reporter-output>
          </reporter-output>
        </test-method> <!-- tearDown -->
      </class> <!-- com.exelenter.testcases.LoginTest -->
    </test> <!-- Regression Test -->
  </suite> <!-- All Test Suite -->
</testng-results>
